The system is: Linux - 4.4.0-31-generic - i686
Compiling the C compiler identification source file "CMakeCCompilerId.c" succeeded.
Compiler: /usr/bin/cc 
Build flags: 
Id flags: 

The output was:
0


Compilation of the C compiler identification source "CMakeCCompilerId.c" produced "a.out"

The C compiler identification is GNU, found in "/opt/osrm-backend-5.1.0/build/CMakeFiles/2.8.12.2/CompilerIdC/a.out"

Compiling the CXX compiler identification source file "CMakeCXXCompilerId.cpp" succeeded.
Compiler: /usr/bin/c++ 
Build flags: 
Id flags: 

The output was:
0


Compilation of the CXX compiler identification source "CMakeCXXCompilerId.cpp" produced "a.out"

The CXX compiler identification is GNU, found in "/opt/osrm-backend-5.1.0/build/CMakeFiles/2.8.12.2/CompilerIdCXX/a.out"

Determining if the C compiler works passed with the following output:
Change Dir: /opt/osrm-backend-5.1.0/build/CMakeFiles/CMakeTmp

Run Build Command:/usr/bin/make "cmTryCompileExec2077101503/fast"
/usr/bin/make -f CMakeFiles/cmTryCompileExec2077101503.dir/build.make CMakeFiles/cmTryCompileExec2077101503.dir/build
make[1]: Entering directory `/opt/osrm-backend-5.1.0/build/CMakeFiles/CMakeTmp'
/usr/bin/cmake -E cmake_progress_report /opt/osrm-backend-5.1.0/build/CMakeFiles/CMakeTmp/CMakeFiles 1
Building C object CMakeFiles/cmTryCompileExec2077101503.dir/testCCompiler.c.o
/usr/bin/cc    -o CMakeFiles/cmTryCompileExec2077101503.dir/testCCompiler.c.o   -c /opt/osrm-backend-5.1.0/build/CMakeFiles/CMakeTmp/testCCompiler.c
Linking C executable cmTryCompileExec2077101503
/usr/bin/cmake -E cmake_link_script CMakeFiles/cmTryCompileExec2077101503.dir/link.txt --verbose=1
/usr/bin/cc       CMakeFiles/cmTryCompileExec2077101503.dir/testCCompiler.c.o  -o cmTryCompileExec2077101503 -rdynamic 
make[1]: Leaving directory `/opt/osrm-backend-5.1.0/build/CMakeFiles/CMakeTmp'


Detecting C compiler ABI info compiled with the following output:
Change Dir: /opt/osrm-backend-5.1.0/build/CMakeFiles/CMakeTmp

Run Build Command:/usr/bin/make "cmTryCompileExec3899170819/fast"
/usr/bin/make -f CMakeFiles/cmTryCompileExec3899170819.dir/build.make CMakeFiles/cmTryCompileExec3899170819.dir/build
make[1]: Entering directory `/opt/osrm-backend-5.1.0/build/CMakeFiles/CMakeTmp'
/usr/bin/cmake -E cmake_progress_report /opt/osrm-backend-5.1.0/build/CMakeFiles/CMakeTmp/CMakeFiles 1
Building C object CMakeFiles/cmTryCompileExec3899170819.dir/CMakeCCompilerABI.c.o
/usr/bin/cc    -o CMakeFiles/cmTryCompileExec3899170819.dir/CMakeCCompilerABI.c.o   -c /usr/share/cmake-2.8/Modules/CMakeCCompilerABI.c
Linking C executable cmTryCompileExec3899170819
/usr/bin/cmake -E cmake_link_script CMakeFiles/cmTryCompileExec3899170819.dir/link.txt --verbose=1
/usr/bin/cc     -v CMakeFiles/cmTryCompileExec3899170819.dir/CMakeCCompilerABI.c.o  -o cmTryCompileExec3899170819 -rdynamic  
Using built-in specs.
COLLECT_GCC=/usr/bin/cc
COLLECT_LTO_WRAPPER=/usr/lib/gcc/i686-linux-gnu/5/lto-wrapper
Target: i686-linux-gnu
Configured with: ../src/configure -v --with-pkgversion='Ubuntu 5.4.1-2ubuntu1~14.04' --with-bugurl=file:///usr/share/doc/gcc-5/README.Bugs --enable-languages=c,ada,c++,java,go,d,fortran,objc,obj-c++ --prefix=/usr --program-suffix=-5 --enable-shared --enable-linker-build-id --libexecdir=/usr/lib --without-included-gettext --enable-threads=posix --libdir=/usr/lib --enable-nls --with-sysroot=/ --enable-clocale=gnu --enable-libstdcxx-debug --enable-libstdcxx-time=yes --with-default-libstdcxx-abi=gcc4-compatible --disable-libstdcxx-dual-abi --enable-gnu-unique-object --disable-vtable-verify --enable-libmpx --enable-plugin --with-system-zlib --disable-browser-plugin --enable-java-awt=gtk --enable-gtk-cairo --with-java-home=/usr/lib/jvm/java-1.5.0-gcj-5-i386/jre --enable-java-home --with-jvm-root-dir=/usr/lib/jvm/java-1.5.0-gcj-5-i386 --with-jvm-jar-dir=/usr/lib/jvm-exports/java-1.5.0-gcj-5-i386 --with-arch-directory=i386 --with-ecj-jar=/usr/share/java/eclipse-ecj.jar --enable-objc-gc --enable-targets=all --enable-multiarch --disable-werror --with-arch-32=i686 --with-multilib-list=m32,m64,mx32 --enable-multilib --with-tune=generic --enable-checking=release --build=i686-linux-gnu --host=i686-linux-gnu --target=i686-linux-gnu
Thread model: posix
gcc version 5.4.1 20160904 (Ubuntu 5.4.1-2ubuntu1~14.04) 
COMPILER_PATH=/usr/lib/gcc/i686-linux-gnu/5/:/usr/lib/gcc/i686-linux-gnu/5/:/usr/lib/gcc/i686-linux-gnu/:/usr/lib/gcc/i686-linux-gnu/5/:/usr/lib/gcc/i686-linux-gnu/
LIBRARY_PATH=/usr/lib/gcc/i686-linux-gnu/5/:/usr/lib/gcc/i686-linux-gnu/5/../../../i386-linux-gnu/:/usr/lib/gcc/i686-linux-gnu/5/../../../../lib/:/lib/i386-linux-gnu/:/lib/../lib/:/usr/lib/i386-linux-gnu/:/usr/lib/../lib/:/usr/lib/gcc/i686-linux-gnu/5/../../../:/lib/:/usr/lib/
COLLECT_GCC_OPTIONS='-v' '-o' 'cmTryCompileExec3899170819' '-rdynamic' '-mtune=generic' '-march=i686'
 /usr/lib/gcc/i686-linux-gnu/5/collect2 -plugin /usr/lib/gcc/i686-linux-gnu/5/liblto_plugin.so -plugin-opt=/usr/lib/gcc/i686-linux-gnu/5/lto-wrapper -plugin-opt=-fresolution=/tmp/ccGRPWdu.res -plugin-opt=-pass-through=-lgcc -plugin-opt=-pass-through=-lgcc_s -plugin-opt=-pass-through=-lc -plugin-opt=-pass-through=-lgcc -plugin-opt=-pass-through=-lgcc_s --sysroot=/ --build-id --eh-frame-hdr -m elf_i386 --hash-style=gnu --as-needed -export-dynamic -dynamic-linker /lib/ld-linux.so.2 -z relro -o cmTryCompileExec3899170819 /usr/lib/gcc/i686-linux-gnu/5/../../../i386-linux-gnu/crt1.o /usr/lib/gcc/i686-linux-gnu/5/../../../i386-linux-gnu/crti.o /usr/lib/gcc/i686-linux-gnu/5/crtbegin.o -L/usr/lib/gcc/i686-linux-gnu/5 -L/usr/lib/gcc/i686-linux-gnu/5/../../../i386-linux-gnu -L/usr/lib/gcc/i686-linux-gnu/5/../../../../lib -L/lib/i386-linux-gnu -L/lib/../lib -L/usr/lib/i386-linux-gnu -L/usr/lib/../lib -L/usr/lib/gcc/i686-linux-gnu/5/../../.. CMakeFiles/cmTryCompileExec3899170819.dir/CMakeCCompilerABI.c.o -lgcc --as-needed -lgcc_s --no-as-needed -lc -lgcc --as-needed -lgcc_s --no-as-needed /usr/lib/gcc/i686-linux-gnu/5/crtend.o /usr/lib/gcc/i686-linux-gnu/5/../../../i386-linux-gnu/crtn.o
make[1]: Leaving directory `/opt/osrm-backend-5.1.0/build/CMakeFiles/CMakeTmp'


Parsed C implicit link information from above output:
  link line regex: [^( *|.*[/\])(ld|([^/\]+-)?ld|collect2)[^/\]*( |$)]
  ignore line: [Change Dir: /opt/osrm-backend-5.1.0/build/CMakeFiles/CMakeTmp]
  ignore line: []
  ignore line: [Run Build Command:/usr/bin/make "cmTryCompileExec3899170819/fast"]
  ignore line: [/usr/bin/make -f CMakeFiles/cmTryCompileExec3899170819.dir/build.make CMakeFiles/cmTryCompileExec3899170819.dir/build]
  ignore line: [make[1]: Entering directory `/opt/osrm-backend-5.1.0/build/CMakeFiles/CMakeTmp']
  ignore line: [/usr/bin/cmake -E cmake_progress_report /opt/osrm-backend-5.1.0/build/CMakeFiles/CMakeTmp/CMakeFiles 1]
  ignore line: [Building C object CMakeFiles/cmTryCompileExec3899170819.dir/CMakeCCompilerABI.c.o]
  ignore line: [/usr/bin/cc    -o CMakeFiles/cmTryCompileExec3899170819.dir/CMakeCCompilerABI.c.o   -c /usr/share/cmake-2.8/Modules/CMakeCCompilerABI.c]
  ignore line: [Linking C executable cmTryCompileExec3899170819]
  ignore line: [/usr/bin/cmake -E cmake_link_script CMakeFiles/cmTryCompileExec3899170819.dir/link.txt --verbose=1]
  ignore line: [/usr/bin/cc     -v CMakeFiles/cmTryCompileExec3899170819.dir/CMakeCCompilerABI.c.o  -o cmTryCompileExec3899170819 -rdynamic  ]
  ignore line: [Using built-in specs.]
  ignore line: [COLLECT_GCC=/usr/bin/cc]
  ignore line: [COLLECT_LTO_WRAPPER=/usr/lib/gcc/i686-linux-gnu/5/lto-wrapper]
  ignore line: [Target: i686-linux-gnu]
  ignore line: [Configured with: ../src/configure -v --with-pkgversion='Ubuntu 5.4.1-2ubuntu1~14.04' --with-bugurl=file:///usr/share/doc/gcc-5/README.Bugs --enable-languages=c,ada,c++,java,go,d,fortran,objc,obj-c++ --prefix=/usr --program-suffix=-5 --enable-shared --enable-linker-build-id --libexecdir=/usr/lib --without-included-gettext --enable-threads=posix --libdir=/usr/lib --enable-nls --with-sysroot=/ --enable-clocale=gnu --enable-libstdcxx-debug --enable-libstdcxx-time=yes --with-default-libstdcxx-abi=gcc4-compatible --disable-libstdcxx-dual-abi --enable-gnu-unique-object --disable-vtable-verify --enable-libmpx --enable-plugin --with-system-zlib --disable-browser-plugin --enable-java-awt=gtk --enable-gtk-cairo --with-java-home=/usr/lib/jvm/java-1.5.0-gcj-5-i386/jre --enable-java-home --with-jvm-root-dir=/usr/lib/jvm/java-1.5.0-gcj-5-i386 --with-jvm-jar-dir=/usr/lib/jvm-exports/java-1.5.0-gcj-5-i386 --with-arch-directory=i386 --with-ecj-jar=/usr/share/java/eclipse-ecj.jar --enable-objc-gc --enable-targets=all --enable-multiarch --disable-werror --with-arch-32=i686 --with-multilib-list=m32,m64,mx32 --enable-multilib --with-tune=generic --enable-checking=release --build=i686-linux-gnu --host=i686-linux-gnu --target=i686-linux-gnu]
  ignore line: [Thread model: posix]
  ignore line: [gcc version 5.4.1 20160904 (Ubuntu 5.4.1-2ubuntu1~14.04) ]
  ignore line: [COMPILER_PATH=/usr/lib/gcc/i686-linux-gnu/5/:/usr/lib/gcc/i686-linux-gnu/5/:/usr/lib/gcc/i686-linux-gnu/:/usr/lib/gcc/i686-linux-gnu/5/:/usr/lib/gcc/i686-linux-gnu/]
  ignore line: [LIBRARY_PATH=/usr/lib/gcc/i686-linux-gnu/5/:/usr/lib/gcc/i686-linux-gnu/5/../../../i386-linux-gnu/:/usr/lib/gcc/i686-linux-gnu/5/../../../../lib/:/lib/i386-linux-gnu/:/lib/../lib/:/usr/lib/i386-linux-gnu/:/usr/lib/../lib/:/usr/lib/gcc/i686-linux-gnu/5/../../../:/lib/:/usr/lib/]
  ignore line: [COLLECT_GCC_OPTIONS='-v' '-o' 'cmTryCompileExec3899170819' '-rdynamic' '-mtune=generic' '-march=i686']
  link line: [ /usr/lib/gcc/i686-linux-gnu/5/collect2 -plugin /usr/lib/gcc/i686-linux-gnu/5/liblto_plugin.so -plugin-opt=/usr/lib/gcc/i686-linux-gnu/5/lto-wrapper -plugin-opt=-fresolution=/tmp/ccGRPWdu.res -plugin-opt=-pass-through=-lgcc -plugin-opt=-pass-through=-lgcc_s -plugin-opt=-pass-through=-lc -plugin-opt=-pass-through=-lgcc -plugin-opt=-pass-through=-lgcc_s --sysroot=/ --build-id --eh-frame-hdr -m elf_i386 --hash-style=gnu --as-needed -export-dynamic -dynamic-linker /lib/ld-linux.so.2 -z relro -o cmTryCompileExec3899170819 /usr/lib/gcc/i686-linux-gnu/5/../../../i386-linux-gnu/crt1.o /usr/lib/gcc/i686-linux-gnu/5/../../../i386-linux-gnu/crti.o /usr/lib/gcc/i686-linux-gnu/5/crtbegin.o -L/usr/lib/gcc/i686-linux-gnu/5 -L/usr/lib/gcc/i686-linux-gnu/5/../../../i386-linux-gnu -L/usr/lib/gcc/i686-linux-gnu/5/../../../../lib -L/lib/i386-linux-gnu -L/lib/../lib -L/usr/lib/i386-linux-gnu -L/usr/lib/../lib -L/usr/lib/gcc/i686-linux-gnu/5/../../.. CMakeFiles/cmTryCompileExec3899170819.dir/CMakeCCompilerABI.c.o -lgcc --as-needed -lgcc_s --no-as-needed -lc -lgcc --as-needed -lgcc_s --no-as-needed /usr/lib/gcc/i686-linux-gnu/5/crtend.o /usr/lib/gcc/i686-linux-gnu/5/../../../i386-linux-gnu/crtn.o]
    arg [/usr/lib/gcc/i686-linux-gnu/5/collect2] ==> ignore
    arg [-plugin] ==> ignore
    arg [/usr/lib/gcc/i686-linux-gnu/5/liblto_plugin.so] ==> ignore
    arg [-plugin-opt=/usr/lib/gcc/i686-linux-gnu/5/lto-wrapper] ==> ignore
    arg [-plugin-opt=-fresolution=/tmp/ccGRPWdu.res] ==> ignore
    arg [-plugin-opt=-pass-through=-lgcc] ==> ignore
    arg [-plugin-opt=-pass-through=-lgcc_s] ==> ignore
    arg [-plugin-opt=-pass-through=-lc] ==> ignore
    arg [-plugin-opt=-pass-through=-lgcc] ==> ignore
    arg [-plugin-opt=-pass-through=-lgcc_s] ==> ignore
    arg [--sysroot=/] ==> ignore
    arg [--build-id] ==> ignore
    arg [--eh-frame-hdr] ==> ignore
    arg [-m] ==> ignore
    arg [elf_i386] ==> ignore
    arg [--hash-style=gnu] ==> ignore
    arg [--as-needed] ==> ignore
    arg [-export-dynamic] ==> ignore
    arg [-dynamic-linker] ==> ignore
    arg [/lib/ld-linux.so.2] ==> ignore
    arg [-zrelro] ==> ignore
    arg [-o] ==> ignore
    arg [cmTryCompileExec3899170819] ==> ignore
    arg [/usr/lib/gcc/i686-linux-gnu/5/../../../i386-linux-gnu/crt1.o] ==> ignore
    arg [/usr/lib/gcc/i686-linux-gnu/5/../../../i386-linux-gnu/crti.o] ==> ignore
    arg [/usr/lib/gcc/i686-linux-gnu/5/crtbegin.o] ==> ignore
    arg [-L/usr/lib/gcc/i686-linux-gnu/5] ==> dir [/usr/lib/gcc/i686-linux-gnu/5]
    arg [-L/usr/lib/gcc/i686-linux-gnu/5/../../../i386-linux-gnu] ==> dir [/usr/lib/gcc/i686-linux-gnu/5/../../../i386-linux-gnu]
    arg [-L/usr/lib/gcc/i686-linux-gnu/5/../../../../lib] ==> dir [/usr/lib/gcc/i686-linux-gnu/5/../../../../lib]
    arg [-L/lib/i386-linux-gnu] ==> dir [/lib/i386-linux-gnu]
    arg [-L/lib/../lib] ==> dir [/lib/../lib]
    arg [-L/usr/lib/i386-linux-gnu] ==> dir [/usr/lib/i386-linux-gnu]
    arg [-L/usr/lib/../lib] ==> dir [/usr/lib/../lib]
    arg [-L/usr/lib/gcc/i686-linux-gnu/5/../../..] ==> dir [/usr/lib/gcc/i686-linux-gnu/5/../../..]
    arg [CMakeFiles/cmTryCompileExec3899170819.dir/CMakeCCompilerABI.c.o] ==> ignore
    arg [-lgcc] ==> lib [gcc]
    arg [--as-needed] ==> ignore
    arg [-lgcc_s] ==> lib [gcc_s]
    arg [--no-as-needed] ==> ignore
    arg [-lc] ==> lib [c]
    arg [-lgcc] ==> lib [gcc]
    arg [--as-needed] ==> ignore
    arg [-lgcc_s] ==> lib [gcc_s]
    arg [--no-as-needed] ==> ignore
    arg [/usr/lib/gcc/i686-linux-gnu/5/crtend.o] ==> ignore
    arg [/usr/lib/gcc/i686-linux-gnu/5/../../../i386-linux-gnu/crtn.o] ==> ignore
  remove lib [gcc]
  remove lib [gcc_s]
  remove lib [gcc]
  remove lib [gcc_s]
  collapse library dir [/usr/lib/gcc/i686-linux-gnu/5] ==> [/usr/lib/gcc/i686-linux-gnu/5]
  collapse library dir [/usr/lib/gcc/i686-linux-gnu/5/../../../i386-linux-gnu] ==> [/usr/lib/i386-linux-gnu]
  collapse library dir [/usr/lib/gcc/i686-linux-gnu/5/../../../../lib] ==> [/usr/lib]
  collapse library dir [/lib/i386-linux-gnu] ==> [/lib/i386-linux-gnu]
  collapse library dir [/lib/../lib] ==> [/lib]
  collapse library dir [/usr/lib/i386-linux-gnu] ==> [/usr/lib/i386-linux-gnu]
  collapse library dir [/usr/lib/../lib] ==> [/usr/lib]
  collapse library dir [/usr/lib/gcc/i686-linux-gnu/5/../../..] ==> [/usr/lib]
  implicit libs: [c]
  implicit dirs: [/usr/lib/gcc/i686-linux-gnu/5;/usr/lib/i386-linux-gnu;/usr/lib;/lib/i386-linux-gnu;/lib]
  implicit fwks: []


Determining if the CXX compiler works passed with the following output:
Change Dir: /opt/osrm-backend-5.1.0/build/CMakeFiles/CMakeTmp

Run Build Command:/usr/bin/make "cmTryCompileExec1325160432/fast"
/usr/bin/make -f CMakeFiles/cmTryCompileExec1325160432.dir/build.make CMakeFiles/cmTryCompileExec1325160432.dir/build
make[1]: Entering directory `/opt/osrm-backend-5.1.0/build/CMakeFiles/CMakeTmp'
/usr/bin/cmake -E cmake_progress_report /opt/osrm-backend-5.1.0/build/CMakeFiles/CMakeTmp/CMakeFiles 1
Building CXX object CMakeFiles/cmTryCompileExec1325160432.dir/testCXXCompiler.cxx.o
/usr/bin/c++     -o CMakeFiles/cmTryCompileExec1325160432.dir/testCXXCompiler.cxx.o -c /opt/osrm-backend-5.1.0/build/CMakeFiles/CMakeTmp/testCXXCompiler.cxx
Linking CXX executable cmTryCompileExec1325160432
/usr/bin/cmake -E cmake_link_script CMakeFiles/cmTryCompileExec1325160432.dir/link.txt --verbose=1
/usr/bin/c++        CMakeFiles/cmTryCompileExec1325160432.dir/testCXXCompiler.cxx.o  -o cmTryCompileExec1325160432 -rdynamic 
make[1]: Leaving directory `/opt/osrm-backend-5.1.0/build/CMakeFiles/CMakeTmp'


Detecting CXX compiler ABI info compiled with the following output:
Change Dir: /opt/osrm-backend-5.1.0/build/CMakeFiles/CMakeTmp

Run Build Command:/usr/bin/make "cmTryCompileExec710736125/fast"
/usr/bin/make -f CMakeFiles/cmTryCompileExec710736125.dir/build.make CMakeFiles/cmTryCompileExec710736125.dir/build
make[1]: Entering directory `/opt/osrm-backend-5.1.0/build/CMakeFiles/CMakeTmp'
/usr/bin/cmake -E cmake_progress_report /opt/osrm-backend-5.1.0/build/CMakeFiles/CMakeTmp/CMakeFiles 1
Building CXX object CMakeFiles/cmTryCompileExec710736125.dir/CMakeCXXCompilerABI.cpp.o
/usr/bin/c++     -o CMakeFiles/cmTryCompileExec710736125.dir/CMakeCXXCompilerABI.cpp.o -c /usr/share/cmake-2.8/Modules/CMakeCXXCompilerABI.cpp
Linking CXX executable cmTryCompileExec710736125
/usr/bin/cmake -E cmake_link_script CMakeFiles/cmTryCompileExec710736125.dir/link.txt --verbose=1
/usr/bin/c++      -v CMakeFiles/cmTryCompileExec710736125.dir/CMakeCXXCompilerABI.cpp.o  -o cmTryCompileExec710736125 -rdynamic  
Using built-in specs.
COLLECT_GCC=/usr/bin/c++
COLLECT_LTO_WRAPPER=/usr/lib/gcc/i686-linux-gnu/5/lto-wrapper
Target: i686-linux-gnu
Configured with: ../src/configure -v --with-pkgversion='Ubuntu 5.4.1-2ubuntu1~14.04' --with-bugurl=file:///usr/share/doc/gcc-5/README.Bugs --enable-languages=c,ada,c++,java,go,d,fortran,objc,obj-c++ --prefix=/usr --program-suffix=-5 --enable-shared --enable-linker-build-id --libexecdir=/usr/lib --without-included-gettext --enable-threads=posix --libdir=/usr/lib --enable-nls --with-sysroot=/ --enable-clocale=gnu --enable-libstdcxx-debug --enable-libstdcxx-time=yes --with-default-libstdcxx-abi=gcc4-compatible --disable-libstdcxx-dual-abi --enable-gnu-unique-object --disable-vtable-verify --enable-libmpx --enable-plugin --with-system-zlib --disable-browser-plugin --enable-java-awt=gtk --enable-gtk-cairo --with-java-home=/usr/lib/jvm/java-1.5.0-gcj-5-i386/jre --enable-java-home --with-jvm-root-dir=/usr/lib/jvm/java-1.5.0-gcj-5-i386 --with-jvm-jar-dir=/usr/lib/jvm-exports/java-1.5.0-gcj-5-i386 --with-arch-directory=i386 --with-ecj-jar=/usr/share/java/eclipse-ecj.jar --enable-objc-gc --enable-targets=all --enable-multiarch --disable-werror --with-arch-32=i686 --with-multilib-list=m32,m64,mx32 --enable-multilib --with-tune=generic --enable-checking=release --build=i686-linux-gnu --host=i686-linux-gnu --target=i686-linux-gnu
Thread model: posix
gcc version 5.4.1 20160904 (Ubuntu 5.4.1-2ubuntu1~14.04) 
COMPILER_PATH=/usr/lib/gcc/i686-linux-gnu/5/:/usr/lib/gcc/i686-linux-gnu/5/:/usr/lib/gcc/i686-linux-gnu/:/usr/lib/gcc/i686-linux-gnu/5/:/usr/lib/gcc/i686-linux-gnu/
LIBRARY_PATH=/usr/lib/gcc/i686-linux-gnu/5/:/usr/lib/gcc/i686-linux-gnu/5/../../../i386-linux-gnu/:/usr/lib/gcc/i686-linux-gnu/5/../../../../lib/:/lib/i386-linux-gnu/:/lib/../lib/:/usr/lib/i386-linux-gnu/:/usr/lib/../lib/:/usr/lib/gcc/i686-linux-gnu/5/../../../:/lib/:/usr/lib/
COLLECT_GCC_OPTIONS='-v' '-o' 'cmTryCompileExec710736125' '-rdynamic' '-shared-libgcc' '-mtune=generic' '-march=i686'
 /usr/lib/gcc/i686-linux-gnu/5/collect2 -plugin /usr/lib/gcc/i686-linux-gnu/5/liblto_plugin.so -plugin-opt=/usr/lib/gcc/i686-linux-gnu/5/lto-wrapper -plugin-opt=-fresolution=/tmp/ccJ6E5EC.res -plugin-opt=-pass-through=-lgcc_s -plugin-opt=-pass-through=-lgcc -plugin-opt=-pass-through=-lc -plugin-opt=-pass-through=-lgcc_s -plugin-opt=-pass-through=-lgcc --sysroot=/ --build-id --eh-frame-hdr -m elf_i386 --hash-style=gnu --as-needed -export-dynamic -dynamic-linker /lib/ld-linux.so.2 -z relro -o cmTryCompileExec710736125 /usr/lib/gcc/i686-linux-gnu/5/../../../i386-linux-gnu/crt1.o /usr/lib/gcc/i686-linux-gnu/5/../../../i386-linux-gnu/crti.o /usr/lib/gcc/i686-linux-gnu/5/crtbegin.o -L/usr/lib/gcc/i686-linux-gnu/5 -L/usr/lib/gcc/i686-linux-gnu/5/../../../i386-linux-gnu -L/usr/lib/gcc/i686-linux-gnu/5/../../../../lib -L/lib/i386-linux-gnu -L/lib/../lib -L/usr/lib/i386-linux-gnu -L/usr/lib/../lib -L/usr/lib/gcc/i686-linux-gnu/5/../../.. CMakeFiles/cmTryCompileExec710736125.dir/CMakeCXXCompilerABI.cpp.o -lstdc++ -lm -lgcc_s -lgcc -lc -lgcc_s -lgcc /usr/lib/gcc/i686-linux-gnu/5/crtend.o /usr/lib/gcc/i686-linux-gnu/5/../../../i386-linux-gnu/crtn.o
make[1]: Leaving directory `/opt/osrm-backend-5.1.0/build/CMakeFiles/CMakeTmp'


Parsed CXX implicit link information from above output:
  link line regex: [^( *|.*[/\])(ld|([^/\]+-)?ld|collect2)[^/\]*( |$)]
  ignore line: [Change Dir: /opt/osrm-backend-5.1.0/build/CMakeFiles/CMakeTmp]
  ignore line: []
  ignore line: [Run Build Command:/usr/bin/make "cmTryCompileExec710736125/fast"]
  ignore line: [/usr/bin/make -f CMakeFiles/cmTryCompileExec710736125.dir/build.make CMakeFiles/cmTryCompileExec710736125.dir/build]
  ignore line: [make[1]: Entering directory `/opt/osrm-backend-5.1.0/build/CMakeFiles/CMakeTmp']
  ignore line: [/usr/bin/cmake -E cmake_progress_report /opt/osrm-backend-5.1.0/build/CMakeFiles/CMakeTmp/CMakeFiles 1]
  ignore line: [Building CXX object CMakeFiles/cmTryCompileExec710736125.dir/CMakeCXXCompilerABI.cpp.o]
  ignore line: [/usr/bin/c++     -o CMakeFiles/cmTryCompileExec710736125.dir/CMakeCXXCompilerABI.cpp.o -c /usr/share/cmake-2.8/Modules/CMakeCXXCompilerABI.cpp]
  ignore line: [Linking CXX executable cmTryCompileExec710736125]
  ignore line: [/usr/bin/cmake -E cmake_link_script CMakeFiles/cmTryCompileExec710736125.dir/link.txt --verbose=1]
  ignore line: [/usr/bin/c++      -v CMakeFiles/cmTryCompileExec710736125.dir/CMakeCXXCompilerABI.cpp.o  -o cmTryCompileExec710736125 -rdynamic  ]
  ignore line: [Using built-in specs.]
  ignore line: [COLLECT_GCC=/usr/bin/c++]
  ignore line: [COLLECT_LTO_WRAPPER=/usr/lib/gcc/i686-linux-gnu/5/lto-wrapper]
  ignore line: [Target: i686-linux-gnu]
  ignore line: [Configured with: ../src/configure -v --with-pkgversion='Ubuntu 5.4.1-2ubuntu1~14.04' --with-bugurl=file:///usr/share/doc/gcc-5/README.Bugs --enable-languages=c,ada,c++,java,go,d,fortran,objc,obj-c++ --prefix=/usr --program-suffix=-5 --enable-shared --enable-linker-build-id --libexecdir=/usr/lib --without-included-gettext --enable-threads=posix --libdir=/usr/lib --enable-nls --with-sysroot=/ --enable-clocale=gnu --enable-libstdcxx-debug --enable-libstdcxx-time=yes --with-default-libstdcxx-abi=gcc4-compatible --disable-libstdcxx-dual-abi --enable-gnu-unique-object --disable-vtable-verify --enable-libmpx --enable-plugin --with-system-zlib --disable-browser-plugin --enable-java-awt=gtk --enable-gtk-cairo --with-java-home=/usr/lib/jvm/java-1.5.0-gcj-5-i386/jre --enable-java-home --with-jvm-root-dir=/usr/lib/jvm/java-1.5.0-gcj-5-i386 --with-jvm-jar-dir=/usr/lib/jvm-exports/java-1.5.0-gcj-5-i386 --with-arch-directory=i386 --with-ecj-jar=/usr/share/java/eclipse-ecj.jar --enable-objc-gc --enable-targets=all --enable-multiarch --disable-werror --with-arch-32=i686 --with-multilib-list=m32,m64,mx32 --enable-multilib --with-tune=generic --enable-checking=release --build=i686-linux-gnu --host=i686-linux-gnu --target=i686-linux-gnu]
  ignore line: [Thread model: posix]
  ignore line: [gcc version 5.4.1 20160904 (Ubuntu 5.4.1-2ubuntu1~14.04) ]
  ignore line: [COMPILER_PATH=/usr/lib/gcc/i686-linux-gnu/5/:/usr/lib/gcc/i686-linux-gnu/5/:/usr/lib/gcc/i686-linux-gnu/:/usr/lib/gcc/i686-linux-gnu/5/:/usr/lib/gcc/i686-linux-gnu/]
  ignore line: [LIBRARY_PATH=/usr/lib/gcc/i686-linux-gnu/5/:/usr/lib/gcc/i686-linux-gnu/5/../../../i386-linux-gnu/:/usr/lib/gcc/i686-linux-gnu/5/../../../../lib/:/lib/i386-linux-gnu/:/lib/../lib/:/usr/lib/i386-linux-gnu/:/usr/lib/../lib/:/usr/lib/gcc/i686-linux-gnu/5/../../../:/lib/:/usr/lib/]
  ignore line: [COLLECT_GCC_OPTIONS='-v' '-o' 'cmTryCompileExec710736125' '-rdynamic' '-shared-libgcc' '-mtune=generic' '-march=i686']
  link line: [ /usr/lib/gcc/i686-linux-gnu/5/collect2 -plugin /usr/lib/gcc/i686-linux-gnu/5/liblto_plugin.so -plugin-opt=/usr/lib/gcc/i686-linux-gnu/5/lto-wrapper -plugin-opt=-fresolution=/tmp/ccJ6E5EC.res -plugin-opt=-pass-through=-lgcc_s -plugin-opt=-pass-through=-lgcc -plugin-opt=-pass-through=-lc -plugin-opt=-pass-through=-lgcc_s -plugin-opt=-pass-through=-lgcc --sysroot=/ --build-id --eh-frame-hdr -m elf_i386 --hash-style=gnu --as-needed -export-dynamic -dynamic-linker /lib/ld-linux.so.2 -z relro -o cmTryCompileExec710736125 /usr/lib/gcc/i686-linux-gnu/5/../../../i386-linux-gnu/crt1.o /usr/lib/gcc/i686-linux-gnu/5/../../../i386-linux-gnu/crti.o /usr/lib/gcc/i686-linux-gnu/5/crtbegin.o -L/usr/lib/gcc/i686-linux-gnu/5 -L/usr/lib/gcc/i686-linux-gnu/5/../../../i386-linux-gnu -L/usr/lib/gcc/i686-linux-gnu/5/../../../../lib -L/lib/i386-linux-gnu -L/lib/../lib -L/usr/lib/i386-linux-gnu -L/usr/lib/../lib -L/usr/lib/gcc/i686-linux-gnu/5/../../.. CMakeFiles/cmTryCompileExec710736125.dir/CMakeCXXCompilerABI.cpp.o -lstdc++ -lm -lgcc_s -lgcc -lc -lgcc_s -lgcc /usr/lib/gcc/i686-linux-gnu/5/crtend.o /usr/lib/gcc/i686-linux-gnu/5/../../../i386-linux-gnu/crtn.o]
    arg [/usr/lib/gcc/i686-linux-gnu/5/collect2] ==> ignore
    arg [-plugin] ==> ignore
    arg [/usr/lib/gcc/i686-linux-gnu/5/liblto_plugin.so] ==> ignore
    arg [-plugin-opt=/usr/lib/gcc/i686-linux-gnu/5/lto-wrapper] ==> ignore
    arg [-plugin-opt=-fresolution=/tmp/ccJ6E5EC.res] ==> ignore
    arg [-plugin-opt=-pass-through=-lgcc_s] ==> ignore
    arg [-plugin-opt=-pass-through=-lgcc] ==> ignore
    arg [-plugin-opt=-pass-through=-lc] ==> ignore
    arg [-plugin-opt=-pass-through=-lgcc_s] ==> ignore
    arg [-plugin-opt=-pass-through=-lgcc] ==> ignore
    arg [--sysroot=/] ==> ignore
    arg [--build-id] ==> ignore
    arg [--eh-frame-hdr] ==> ignore
    arg [-m] ==> ignore
    arg [elf_i386] ==> ignore
    arg [--hash-style=gnu] ==> ignore
    arg [--as-needed] ==> ignore
    arg [-export-dynamic] ==> ignore
    arg [-dynamic-linker] ==> ignore
    arg [/lib/ld-linux.so.2] ==> ignore
    arg [-zrelro] ==> ignore
    arg [-o] ==> ignore
    arg [cmTryCompileExec710736125] ==> ignore
    arg [/usr/lib/gcc/i686-linux-gnu/5/../../../i386-linux-gnu/crt1.o] ==> ignore
    arg [/usr/lib/gcc/i686-linux-gnu/5/../../../i386-linux-gnu/crti.o] ==> ignore
    arg [/usr/lib/gcc/i686-linux-gnu/5/crtbegin.o] ==> ignore
    arg [-L/usr/lib/gcc/i686-linux-gnu/5] ==> dir [/usr/lib/gcc/i686-linux-gnu/5]
    arg [-L/usr/lib/gcc/i686-linux-gnu/5/../../../i386-linux-gnu] ==> dir [/usr/lib/gcc/i686-linux-gnu/5/../../../i386-linux-gnu]
    arg [-L/usr/lib/gcc/i686-linux-gnu/5/../../../../lib] ==> dir [/usr/lib/gcc/i686-linux-gnu/5/../../../../lib]
    arg [-L/lib/i386-linux-gnu] ==> dir [/lib/i386-linux-gnu]
    arg [-L/lib/../lib] ==> dir [/lib/../lib]
    arg [-L/usr/lib/i386-linux-gnu] ==> dir [/usr/lib/i386-linux-gnu]
    arg [-L/usr/lib/../lib] ==> dir [/usr/lib/../lib]
    arg [-L/usr/lib/gcc/i686-linux-gnu/5/../../..] ==> dir [/usr/lib/gcc/i686-linux-gnu/5/../../..]
    arg [CMakeFiles/cmTryCompileExec710736125.dir/CMakeCXXCompilerABI.cpp.o] ==> ignore
    arg [-lstdc++] ==> lib [stdc++]
    arg [-lm] ==> lib [m]
    arg [-lgcc_s] ==> lib [gcc_s]
    arg [-lgcc] ==> lib [gcc]
    arg [-lc] ==> lib [c]
    arg [-lgcc_s] ==> lib [gcc_s]
    arg [-lgcc] ==> lib [gcc]
    arg [/usr/lib/gcc/i686-linux-gnu/5/crtend.o] ==> ignore
    arg [/usr/lib/gcc/i686-linux-gnu/5/../../../i386-linux-gnu/crtn.o] ==> ignore
  remove lib [gcc_s]
  remove lib [gcc]
  remove lib [gcc_s]
  remove lib [gcc]
  collapse library dir [/usr/lib/gcc/i686-linux-gnu/5] ==> [/usr/lib/gcc/i686-linux-gnu/5]
  collapse library dir [/usr/lib/gcc/i686-linux-gnu/5/../../../i386-linux-gnu] ==> [/usr/lib/i386-linux-gnu]
  collapse library dir [/usr/lib/gcc/i686-linux-gnu/5/../../../../lib] ==> [/usr/lib]
  collapse library dir [/lib/i386-linux-gnu] ==> [/lib/i386-linux-gnu]
  collapse library dir [/lib/../lib] ==> [/lib]
  collapse library dir [/usr/lib/i386-linux-gnu] ==> [/usr/lib/i386-linux-gnu]
  collapse library dir [/usr/lib/../lib] ==> [/usr/lib]
  collapse library dir [/usr/lib/gcc/i686-linux-gnu/5/../../..] ==> [/usr/lib]
  implicit libs: [stdc++;m;c]
  implicit dirs: [/usr/lib/gcc/i686-linux-gnu/5;/usr/lib/i386-linux-gnu;/usr/lib;/lib/i386-linux-gnu;/lib]
  implicit fwks: []


Performing C++ SOURCE FILE Test LTO_AVAILABLE succeded with the following output:
Change Dir: /opt/osrm-backend-5.1.0/build/CMakeFiles/CMakeTmp

Run Build Command:/usr/bin/make "cmTryCompileExec461997209/fast"
/usr/bin/make -f CMakeFiles/cmTryCompileExec461997209.dir/build.make CMakeFiles/cmTryCompileExec461997209.dir/build
make[1]: Entering directory `/opt/osrm-backend-5.1.0/build/CMakeFiles/CMakeTmp'
/usr/bin/cmake -E cmake_progress_report /opt/osrm-backend-5.1.0/build/CMakeFiles/CMakeTmp/CMakeFiles 1
Building CXX object CMakeFiles/cmTryCompileExec461997209.dir/src.cxx.o
/usr/bin/c++    -DLTO_AVAILABLE   -flto -o CMakeFiles/cmTryCompileExec461997209.dir/src.cxx.o -c /opt/osrm-backend-5.1.0/build/CMakeFiles/CMakeTmp/src.cxx
Linking CXX executable cmTryCompileExec461997209
/usr/bin/cmake -E cmake_link_script CMakeFiles/cmTryCompileExec461997209.dir/link.txt --verbose=1
/usr/bin/c++    -DLTO_AVAILABLE    CMakeFiles/cmTryCompileExec461997209.dir/src.cxx.o  -o cmTryCompileExec461997209 -rdynamic 
make[1]: Leaving directory `/opt/osrm-backend-5.1.0/build/CMakeFiles/CMakeTmp'

Source file was:
int main() { return 0;}
Performing C++ SOURCE FILE Test LTO_WORKS succeded with the following output:
Change Dir: /opt/osrm-backend-5.1.0/build/CMakeFiles/CMakeTmp

Run Build Command:/usr/bin/make "cmTryCompileExec2603213147/fast"
/usr/bin/make -f CMakeFiles/cmTryCompileExec2603213147.dir/build.make CMakeFiles/cmTryCompileExec2603213147.dir/build
make[1]: Entering directory `/opt/osrm-backend-5.1.0/build/CMakeFiles/CMakeTmp'
/usr/bin/cmake -E cmake_progress_report /opt/osrm-backend-5.1.0/build/CMakeFiles/CMakeTmp/CMakeFiles 1
Building CXX object CMakeFiles/cmTryCompileExec2603213147.dir/src.cxx.o
/usr/bin/c++    -flto=2 -DLTO_WORKS   -o CMakeFiles/cmTryCompileExec2603213147.dir/src.cxx.o -c /opt/osrm-backend-5.1.0/build/CMakeFiles/CMakeTmp/src.cxx
Linking CXX executable cmTryCompileExec2603213147
/usr/bin/cmake -E cmake_link_script CMakeFiles/cmTryCompileExec2603213147.dir/link.txt --verbose=1
/usr/bin/c++    -flto=2 -DLTO_WORKS    CMakeFiles/cmTryCompileExec2603213147.dir/src.cxx.o  -o cmTryCompileExec2603213147 -rdynamic 
make[1]: Leaving directory `/opt/osrm-backend-5.1.0/build/CMakeFiles/CMakeTmp'

Source file was:
int main(){return 0;}
Performing C++ SOURCE FILE Test HAS_COLOR_FLAG succeded with the following output:
Change Dir: /opt/osrm-backend-5.1.0/build/CMakeFiles/CMakeTmp

Run Build Command:/usr/bin/make "cmTryCompileExec2210559816/fast"
/usr/bin/make -f CMakeFiles/cmTryCompileExec2210559816.dir/build.make CMakeFiles/cmTryCompileExec2210559816.dir/build
make[1]: Entering directory `/opt/osrm-backend-5.1.0/build/CMakeFiles/CMakeTmp'
/usr/bin/cmake -E cmake_progress_report /opt/osrm-backend-5.1.0/build/CMakeFiles/CMakeTmp/CMakeFiles 1
Building CXX object CMakeFiles/cmTryCompileExec2210559816.dir/src.cxx.o
/usr/bin/c++    -flto=2 -DHAS_COLOR_FLAG   -fdiagnostics-color=auto -o CMakeFiles/cmTryCompileExec2210559816.dir/src.cxx.o -c /opt/osrm-backend-5.1.0/build/CMakeFiles/CMakeTmp/src.cxx
Linking CXX executable cmTryCompileExec2210559816
/usr/bin/cmake -E cmake_link_script CMakeFiles/cmTryCompileExec2210559816.dir/link.txt --verbose=1
/usr/bin/c++    -flto=2 -DHAS_COLOR_FLAG    CMakeFiles/cmTryCompileExec2210559816.dir/src.cxx.o  -o cmTryCompileExec2210559816 -rdynamic 
make[1]: Leaving directory `/opt/osrm-backend-5.1.0/build/CMakeFiles/CMakeTmp'

Source file was:
int main() { return 0;}
Determining if files pthread.h exist passed with the following output:
Change Dir: /opt/osrm-backend-5.1.0/build/CMakeFiles/CMakeTmp

Run Build Command:/usr/bin/make "cmTryCompileExec2362344355/fast"
/usr/bin/make -f CMakeFiles/cmTryCompileExec2362344355.dir/build.make CMakeFiles/cmTryCompileExec2362344355.dir/build
make[1]: Entering directory `/opt/osrm-backend-5.1.0/build/CMakeFiles/CMakeTmp'
/usr/bin/cmake -E cmake_progress_report /opt/osrm-backend-5.1.0/build/CMakeFiles/CMakeTmp/CMakeFiles 1
Building C object CMakeFiles/cmTryCompileExec2362344355.dir/CheckIncludeFiles.c.o
/usr/bin/cc    -o CMakeFiles/cmTryCompileExec2362344355.dir/CheckIncludeFiles.c.o   -c /opt/osrm-backend-5.1.0/build/CMakeFiles/CMakeTmp/CheckIncludeFiles.c
Linking C executable cmTryCompileExec2362344355
/usr/bin/cmake -E cmake_link_script CMakeFiles/cmTryCompileExec2362344355.dir/link.txt --verbose=1
/usr/bin/cc       CMakeFiles/cmTryCompileExec2362344355.dir/CheckIncludeFiles.c.o  -o cmTryCompileExec2362344355 -rdynamic 
make[1]: Leaving directory `/opt/osrm-backend-5.1.0/build/CMakeFiles/CMakeTmp'


Determining if the function pthread_create exists in the pthread passed with the following output:
Change Dir: /opt/osrm-backend-5.1.0/build/CMakeFiles/CMakeTmp

Run Build Command:/usr/bin/make "cmTryCompileExec815361190/fast"
/usr/bin/make -f CMakeFiles/cmTryCompileExec815361190.dir/build.make CMakeFiles/cmTryCompileExec815361190.dir/build
make[1]: Entering directory `/opt/osrm-backend-5.1.0/build/CMakeFiles/CMakeTmp'
/usr/bin/cmake -E cmake_progress_report /opt/osrm-backend-5.1.0/build/CMakeFiles/CMakeTmp/CMakeFiles 1
Building C object CMakeFiles/cmTryCompileExec815361190.dir/CheckFunctionExists.c.o
/usr/bin/cc   -DCHECK_FUNCTION_EXISTS=pthread_create   -o CMakeFiles/cmTryCompileExec815361190.dir/CheckFunctionExists.c.o   -c /usr/share/cmake-2.8/Modules/CheckFunctionExists.c
Linking C executable cmTryCompileExec815361190
/usr/bin/cmake -E cmake_link_script CMakeFiles/cmTryCompileExec815361190.dir/link.txt --verbose=1
/usr/bin/cc   -DCHECK_FUNCTION_EXISTS=pthread_create    CMakeFiles/cmTryCompileExec815361190.dir/CheckFunctionExists.c.o  -o cmTryCompileExec815361190 -rdynamic -lpthread 
make[1]: Leaving directory `/opt/osrm-backend-5.1.0/build/CMakeFiles/CMakeTmp'


Determining if the function BZ2_bzCompressInit exists in the /usr/lib/i386-linux-gnu/libbz2.so passed with the following output:
Change Dir: /opt/osrm-backend-5.1.0/build/CMakeFiles/CMakeTmp

Run Build Command:/usr/bin/make "cmTryCompileExec3908990135/fast"
/usr/bin/make -f CMakeFiles/cmTryCompileExec3908990135.dir/build.make CMakeFiles/cmTryCompileExec3908990135.dir/build
make[1]: Entering directory `/opt/osrm-backend-5.1.0/build/CMakeFiles/CMakeTmp'
/usr/bin/cmake -E cmake_progress_report /opt/osrm-backend-5.1.0/build/CMakeFiles/CMakeTmp/CMakeFiles 1
Building C object CMakeFiles/cmTryCompileExec3908990135.dir/CheckFunctionExists.c.o
/usr/bin/cc   -DCHECK_FUNCTION_EXISTS=BZ2_bzCompressInit   -o CMakeFiles/cmTryCompileExec3908990135.dir/CheckFunctionExists.c.o   -c /usr/share/cmake-2.8/Modules/CheckFunctionExists.c
Linking C executable cmTryCompileExec3908990135
/usr/bin/cmake -E cmake_link_script CMakeFiles/cmTryCompileExec3908990135.dir/link.txt --verbose=1
/usr/bin/cc   -DCHECK_FUNCTION_EXISTS=BZ2_bzCompressInit    CMakeFiles/cmTryCompileExec3908990135.dir/CheckFunctionExists.c.o  -o cmTryCompileExec3908990135 -rdynamic -lbz2 
make[1]: Leaving directory `/opt/osrm-backend-5.1.0/build/CMakeFiles/CMakeTmp'


Performing C++ SOURCE FILE Test LUABIND_WORKS succeded with the following output:
Change Dir: /opt/osrm-backend-5.1.0/build/CMakeFiles/CMakeTmp

Run Build Command:/usr/bin/make "cmTryCompileExec1223405382/fast"
/usr/bin/make -f CMakeFiles/cmTryCompileExec1223405382.dir/build.make CMakeFiles/cmTryCompileExec1223405382.dir/build
make[1]: Entering directory `/opt/osrm-backend-5.1.0/build/CMakeFiles/CMakeTmp'
/usr/bin/cmake -E cmake_progress_report /opt/osrm-backend-5.1.0/build/CMakeFiles/CMakeTmp/CMakeFiles 1
Building CXX object CMakeFiles/cmTryCompileExec1223405382.dir/src.cxx.o
/usr/bin/c++    -flto=2 -Wall -Wextra -pedantic -Wuninitialized -Wunreachable-code -Wstrict-overflow=1 -D_FORTIFY_SOURCE=2 -fdiagnostics-color=auto -fPIC -ffunction-sections -fdata-sections -std=c++11  -DLUABIND_WORKS -O3 -DNDEBUG -I/usr/include/luabind -I/usr/include/lua5.2    -o CMakeFiles/cmTryCompileExec1223405382.dir/src.cxx.o -c /opt/osrm-backend-5.1.0/build/CMakeFiles/CMakeTmp/src.cxx
Linking CXX executable cmTryCompileExec1223405382
/usr/bin/cmake -E cmake_link_script CMakeFiles/cmTryCompileExec1223405382.dir/link.txt --verbose=1
/usr/bin/c++    -flto=2 -Wall -Wextra -pedantic -Wuninitialized -Wunreachable-code -Wstrict-overflow=1 -D_FORTIFY_SOURCE=2 -fdiagnostics-color=auto -fPIC -ffunction-sections -fdata-sections -std=c++11  -DLUABIND_WORKS -O3 -DNDEBUG    CMakeFiles/cmTryCompileExec1223405382.dir/src.cxx.o  -o cmTryCompileExec1223405382 -rdynamic -lluabind -llua5.2 
make[1]: Leaving directory `/opt/osrm-backend-5.1.0/build/CMakeFiles/CMakeTmp'

Source file was:
extern "C" {
#include "lua.h"
#include "lauxlib.h"
}
#include <luabind/open.hpp>
int main() { lua_State *x = luaL_newstate(); luabind::open(x); }
Performing C SOURCE FILE Test OpenMP_FLAG_DETECTED succeded with the following output:
Change Dir: /opt/osrm-backend-5.1.0/build/CMakeFiles/CMakeTmp

Run Build Command:/usr/bin/make "cmTryCompileExec944221476/fast"
/usr/bin/make -f CMakeFiles/cmTryCompileExec944221476.dir/build.make CMakeFiles/cmTryCompileExec944221476.dir/build
make[1]: Entering directory `/opt/osrm-backend-5.1.0/build/CMakeFiles/CMakeTmp'
/usr/bin/cmake -E cmake_progress_report /opt/osrm-backend-5.1.0/build/CMakeFiles/CMakeTmp/CMakeFiles 1
Building C object CMakeFiles/cmTryCompileExec944221476.dir/src.c.o
/usr/bin/cc   -DOpenMP_FLAG_DETECTED -fopenmp -O3 -DNDEBUG -I/usr/include/luabind -I/usr/include/lua5.2    -o CMakeFiles/cmTryCompileExec944221476.dir/src.c.o   -c /opt/osrm-backend-5.1.0/build/CMakeFiles/CMakeTmp/src.c
Linking C executable cmTryCompileExec944221476
/usr/bin/cmake -E cmake_link_script CMakeFiles/cmTryCompileExec944221476.dir/link.txt --verbose=1
/usr/bin/cc   -DOpenMP_FLAG_DETECTED -fopenmp -O3 -DNDEBUG    CMakeFiles/cmTryCompileExec944221476.dir/src.c.o  -o cmTryCompileExec944221476 -rdynamic -lluabind -llua5.2 
make[1]: Leaving directory `/opt/osrm-backend-5.1.0/build/CMakeFiles/CMakeTmp'

Source file was:

#include <omp.h>
int main() {
#ifdef _OPENMP
  return 0;
#else
  breaks_on_purpose
#endif
}

Performing C++ SOURCE FILE Test OpenMP_FLAG_DETECTED succeded with the following output:
Change Dir: /opt/osrm-backend-5.1.0/build/CMakeFiles/CMakeTmp

Run Build Command:/usr/bin/make "cmTryCompileExec1162389329/fast"
/usr/bin/make -f CMakeFiles/cmTryCompileExec1162389329.dir/build.make CMakeFiles/cmTryCompileExec1162389329.dir/build
make[1]: Entering directory `/opt/osrm-backend-5.1.0/build/CMakeFiles/CMakeTmp'
/usr/bin/cmake -E cmake_progress_report /opt/osrm-backend-5.1.0/build/CMakeFiles/CMakeTmp/CMakeFiles 1
Building CXX object CMakeFiles/cmTryCompileExec1162389329.dir/src.cxx.o
/usr/bin/c++    -flto=2 -Wall -Wextra -pedantic -Wuninitialized -Wunreachable-code -Wstrict-overflow=1 -D_FORTIFY_SOURCE=2 -fdiagnostics-color=auto -fPIC -ffunction-sections -fdata-sections -std=c++11  -DOpenMP_FLAG_DETECTED -fopenmp -O3 -DNDEBUG -I/usr/include/luabind -I/usr/include/lua5.2    -o CMakeFiles/cmTryCompileExec1162389329.dir/src.cxx.o -c /opt/osrm-backend-5.1.0/build/CMakeFiles/CMakeTmp/src.cxx
Linking CXX executable cmTryCompileExec1162389329
/usr/bin/cmake -E cmake_link_script CMakeFiles/cmTryCompileExec1162389329.dir/link.txt --verbose=1
/usr/bin/c++    -flto=2 -Wall -Wextra -pedantic -Wuninitialized -Wunreachable-code -Wstrict-overflow=1 -D_FORTIFY_SOURCE=2 -fdiagnostics-color=auto -fPIC -ffunction-sections -fdata-sections -std=c++11  -DOpenMP_FLAG_DETECTED -fopenmp -O3 -DNDEBUG    CMakeFiles/cmTryCompileExec1162389329.dir/src.cxx.o  -o cmTryCompileExec1162389329 -rdynamic -lluabind -llua5.2 
make[1]: Leaving directory `/opt/osrm-backend-5.1.0/build/CMakeFiles/CMakeTmp'

Source file was:

#include <omp.h>
int main() {
#ifdef _OPENMP
  return 0;
#else
  breaks_on_purpose
#endif
}

